<?xml version="1.0" encoding="UTF-8"?>
<!-- Generated by org.testng.reporters.JUnitXMLReporter -->
<testsuite ignored="0" hostname="AnkitPC" failures="0" tests="3" name="AllTests" time="7.399" errors="0" timestamp="2025-07-13T18:29:24 IST">
  <testcase classname="com.ank.flightreservationtest.ReservationTest" name="userRegistrationTest" time="1.332"/>
  <testcase classname="com.ank.flightreservationtest.ReservationTest" name="ragistrationconfirmationTest" time="1.664"/>
  <testcase classname="com.ank.flightreservationtest.ReservationTest" name="flightsearchTest" time="2.244"/>
</testsuite> <!-- AllTests -->
