<?xml version="1.0" encoding="UTF-8"?>
<testng-results ignored="0" total="3" passed="3" failed="0" skipped="0">
  <reporter-output>
  </reporter-output>
  <suite started-at="2025-07-24T09:28:30 IST" name="MySuite" finished-at="2025-07-24T09:28:37 IST" duration-ms="7171">
    <groups>
    </groups>
    <test started-at="2025-07-24T09:28:30 IST" name="AllTests" finished-at="2025-07-24T09:28:37 IST" duration-ms="7171">
      <class name="com.ank.flightreservationtest.ReservationTest">
        <test-method is-config="true" signature="setDriver()[pri:0, instance:com.ank.flightreservationtest.ReservationTest@3349e9bb]" started-at="2025-07-24T09:28:30 IST" name="setDriver" finished-at="2025-07-24T09:28:32 IST" duration-ms="1420" status="PASS">
          <reporter-output>
          </reporter-output>
        </test-method> <!-- setDriver -->
        <test-method signature="userRegistrationTest()[pri:0, instance:com.ank.flightreservationtest.ReservationTest@3349e9bb]" started-at="2025-07-24T09:28:32 IST" name="userRegistrationTest" finished-at="2025-07-24T09:28:34 IST" duration-ms="2843" status="PASS">
          <reporter-output>
          </reporter-output>
        </test-method> <!-- userRegistrationTest -->
        <test-method signature="ragistrationconfirmationTest()[pri:0, instance:com.ank.flightreservationtest.ReservationTest@3349e9bb]" started-at="2025-07-24T09:28:34 IST" name="ragistrationconfirmationTest" finished-at="2025-07-24T09:28:36 IST" depends-on-methods="com.ank.flightreservationtest.ReservationTest.userRegistrationTest" duration-ms="1698" status="PASS">
          <reporter-output>
          </reporter-output>
        </test-method> <!-- ragistrationconfirmationTest -->
        <test-method signature="flightsearchTest()[pri:0, instance:com.ank.flightreservationtest.ReservationTest@3349e9bb]" started-at="2025-07-24T09:28:36 IST" name="flightsearchTest" finished-at="2025-07-24T09:28:37 IST" depends-on-methods="com.ank.flightreservationtest.ReservationTest.ragistrationconfirmationTest" duration-ms="1174" status="PASS">
          <reporter-output>
          </reporter-output>
        </test-method> <!-- flightsearchTest -->
      </class> <!-- com.ank.flightreservationtest.ReservationTest -->
    </test> <!-- AllTests -->
  </suite> <!-- MySuite -->
</testng-results>
