<?xml version="1.0" encoding="UTF-8"?>
<testsuite xmlns:xsi="http://www.w3.org/2001/XMLSchema-instance" xsi:noNamespaceSchemaLocation="https://maven.apache.org/surefire/maven-surefire-plugin/xsd/surefire-test-report-3.0.xsd" version="3.0" name="TestSuite" time="182.511" tests="5" errors="0" skipped="4" failures="1">
  <properties>
[...]
</properties>
  <testcase name="setDriver" classname="com.ank.flightreservationtest.ReservationTest" time="180.775">
    <failure message="Could not start a new session. Possible causes are invalid address of the remote server or browser start-up failure. &#10;Host info: host: &apos;ANKITPC&apos;, ip: &apos;192.168.0.103&apos;" type="org.openqa.selenium.SessionNotCreatedException"><![CDATA[org.openqa.selenium.SessionNotCreatedException: 
Could not start a new session. Possible causes are invalid address of the remote server or browser start-up failure. 
Host info: host: 'ANKITPC', ip: '192.168.0.103'
	at org.openqa.selenium.remote.RemoteWebDriver.execute(RemoteWebDriver.java:562)
	at org.openqa.selenium.remote.RemoteWebDriver.startSession(RemoteWebDriver.java:244)
	at org.openqa.selenium.remote.RemoteWebDriver.<init>(RemoteWebDriver.java:173)
	at org.openqa.selenium.remote.RemoteWebDriver.<init>(RemoteWebDriver.java:151)
	at com.ank.CommonTest.getDriverfroseleniumgrid(CommonTest.java:48)
	at com.ank.CommonTest.setDriver(CommonTest.java:28)
	at java.base/jdk.internal.reflect.DirectMethodHandleAccessor.invoke(DirectMethodHandleAccessor.java:104)
	at java.base/java.lang.reflect.Method.invoke(Method.java:565)
	at org.testng.internal.invokers.MethodInvocationHelper.invokeMethod(MethodInvocationHelper.java:141)
	at org.testng.internal.invokers.MethodInvocationHelper.invokeMethodConsideringTimeout(MethodInvocationHelper.java:71)
	at org.testng.internal.invokers.ConfigInvoker.invokeConfigurationMethod(ConfigInvoker.java:400)
	at org.testng.internal.invokers.ConfigInvoker.invokeConfigurations(ConfigInvoker.java:333)
	at org.testng.TestRunner.invokeTestConfigurations(TestRunner.java:657)
	at org.testng.TestRunner.beforeRun(TestRunner.java:646)
	at org.testng.TestRunner.run(TestRunner.java:612)
	at org.testng.SuiteRunner.runTest(SuiteRunner.java:421)
	at org.testng.SuiteRunner.runSequentially(SuiteRunner.java:413)
	at org.testng.SuiteRunner.privateRun(SuiteRunner.java:373)
	at org.testng.SuiteRunner.run(SuiteRunner.java:312)
	at org.testng.SuiteRunnerWorker.runSuite(SuiteRunnerWorker.java:52)
	at org.testng.SuiteRunnerWorker.run(SuiteRunnerWorker.java:95)
	at org.testng.TestNG.runSuitesSequentially(TestNG.java:1274)
	at org.testng.TestNG.runSuitesLocally(TestNG.java:1208)
	at org.testng.TestNG.runSuites(TestNG.java:1112)
	at org.testng.TestNG.run(TestNG.java:1079)
	at org.apache.maven.surefire.testng.TestNGExecutor.run(TestNGExecutor.java:308)
	at org.apache.maven.surefire.testng.TestNGXmlTestSuite.execute(TestNGXmlTestSuite.java:71)
	at org.apache.maven.surefire.testng.TestNGProvider.invoke(TestNGProvider.java:113)
	at org.apache.maven.surefire.booter.ForkedBooter.runSuitesInProcess(ForkedBooter.java:385)
	at org.apache.maven.surefire.booter.ForkedBooter.execute(ForkedBooter.java:162)
	at org.apache.maven.surefire.booter.ForkedBooter.run(ForkedBooter.java:507)
	at org.apache.maven.surefire.booter.ForkedBooter.main(ForkedBooter.java:495)
Caused by: org.openqa.selenium.TimeoutException: java.util.concurrent.TimeoutException
Build info: version: '4.33.0', revision: '2c6aaad03a'
System info: os.name: 'Windows 11', os.arch: 'amd64', os.version: '10.0', java.version: '24.0.1'
Driver info: driver.version: RemoteWebDriver
	at org.openqa.selenium.remote.http.jdk.JdkHttpClient.execute(JdkHttpClient.java:427)
	at org.openqa.selenium.remote.tracing.TracedHttpClient.execute(TracedHttpClient.java:54)
	at org.openqa.selenium.remote.ProtocolHandshake.createSession(ProtocolHandshake.java:89)
	at org.openqa.selenium.remote.ProtocolHandshake.createSession(ProtocolHandshake.java:75)
	at org.openqa.selenium.remote.ProtocolHandshake.createSession(ProtocolHandshake.java:61)
	at org.openqa.selenium.remote.HttpCommandExecutor.execute(HttpCommandExecutor.java:187)
	at org.openqa.selenium.remote.TracedCommandExecutor.execute(TracedCommandExecutor.java:53)
	at org.openqa.selenium.remote.RemoteWebDriver.execute(RemoteWebDriver.java:544)
	... 31 more
Caused by: java.util.concurrent.TimeoutException
	at java.base/java.util.concurrent.CompletableFuture$Timeout.run(CompletableFuture.java:2990)
	at java.base/java.util.concurrent.Executors$RunnableAdapter.call(Executors.java:545)
	at java.base/java.util.concurrent.FutureTask.run(FutureTask.java:328)
	at java.base/java.util.concurrent.ScheduledThreadPoolExecutor$ScheduledFutureTask.run(ScheduledThreadPoolExecutor.java:309)
	at java.base/java.util.concurrent.ThreadPoolExecutor.runWorker(ThreadPoolExecutor.java:1095)
	at java.base/java.util.concurrent.ThreadPoolExecutor$Worker.run(ThreadPoolExecutor.java:619)
	at java.base/java.lang.Thread.run(Thread.java:1447)
]]></failure>
    <system-out><![CDATA[15:37:09,128 |-INFO in ch.qos.logback.classic.LoggerContext[default] - This is logback-classic version 1.5.18
15:37:09,129 |-INFO in ch.qos.logback.classic.util.ContextInitializer@131276c2 - No custom configurators were discovered as a service.
15:37:09,129 |-INFO in ch.qos.logback.classic.util.ContextInitializer@131276c2 - Trying to configure with ch.qos.logback.classic.joran.SerializedModelConfigurator
15:37:09,129 |-INFO in ch.qos.logback.classic.util.ContextInitializer@131276c2 - Constructed configurator of type class ch.qos.logback.classic.joran.SerializedModelConfigurator
15:37:09,130 |-INFO in ch.qos.logback.classic.LoggerContext[default] - Could NOT find resource [logback-test.scmo]
15:37:09,131 |-INFO in ch.qos.logback.classic.LoggerContext[default] - Could NOT find resource [logback.scmo]
15:37:09,138 |-INFO in ch.qos.logback.classic.util.ContextInitializer@131276c2 - ch.qos.logback.classic.joran.SerializedModelConfigurator.configure() call lasted 2 milliseconds. ExecutionStatus=INVOKE_NEXT_IF_ANY
15:37:09,138 |-INFO in ch.qos.logback.classic.util.ContextInitializer@131276c2 - Trying to configure with ch.qos.logback.classic.util.DefaultJoranConfigurator
15:37:09,139 |-INFO in ch.qos.logback.classic.util.ContextInitializer@131276c2 - Constructed configurator of type class ch.qos.logback.classic.util.DefaultJoranConfigurator
15:37:09,140 |-INFO in ch.qos.logback.classic.LoggerContext[default] - Could NOT find resource [logback-test.xml]
15:37:09,143 |-INFO in ch.qos.logback.classic.LoggerContext[default] - Found resource [logback.xml] at [file:/C:/Users/ankit/Documents/JavaProject/javaselenium/target/test-classes/logback.xml]
15:37:09,145 |-WARN in ch.qos.logback.classic.util.DefaultJoranConfigurator@26aa12dd - Resource [logback.xml] occurs multiple times on the classpath.
15:37:09,145 |-WARN in ch.qos.logback.classic.util.DefaultJoranConfigurator@26aa12dd - Resource [logback.xml] occurs at [file:/C:/Users/ankit/Documents/JavaProject/javaselenium/target/test-classes/logback.xml]
15:37:09,145 |-WARN in ch.qos.logback.classic.util.DefaultJoranConfigurator@26aa12dd - Resource [logback.xml] occurs at [file:/C:/Users/ankit/Documents/JavaProject/javaselenium/target/classes/logback.xml]
15:37:09,192 |-ERROR in ch.qos.logback.core.joran.event.SaxEventRecorder@3fd7a715 - XML_PARSING - Parsing fatal error on line 5 and column 18
15:37:09,192 |-ERROR in ch.qos.logback.core.joran.event.SaxEventRecorder@3fd7a715 - org.xml.sax.SAXParseException; systemId: file:/C:/Users/ankit/Documents/JavaProject/javaselenium/target/test-classes/logback.xml; lineNumber: 5; columnNumber: 18; Element type "appender-ref" must be followed by either attribute specifications, ">" or "/>".
15:37:09,194 |-INFO in ch.qos.logback.classic.util.ContextInitializer@131276c2 - ch.qos.logback.classic.util.DefaultJoranConfigurator.configure() call lasted 55 milliseconds. ExecutionStatus=DO_NOT_INVOKE_NEXT_IF_ANY

]]></system-out>
    <system-err><![CDATA[ch.qos.logback.core.joran.spi.JoranException: Problem parsing XML document. See previously reported errors.
	at ch.qos.logback.core.joran.event.SaxEventRecorder.recordEvents(SaxEventRecorder.java:99)
	at ch.qos.logback.core.joran.GenericXMLConfigurator.populateSaxEventRecorder(GenericXMLConfigurator.java:195)
	at ch.qos.logback.core.joran.GenericXMLConfigurator.doConfigure(GenericXMLConfigurator.java:166)
	at ch.qos.logback.core.joran.GenericXMLConfigurator.doConfigure(GenericXMLConfigurator.java:123)
	at ch.qos.logback.core.joran.GenericXMLConfigurator.doConfigure(GenericXMLConfigurator.java:66)
	at ch.qos.logback.classic.util.DefaultJoranConfigurator.configureByResource(DefaultJoranConfigurator.java:68)
	at ch.qos.logback.classic.util.DefaultJoranConfigurator.configure(DefaultJoranConfigurator.java:35)
	at ch.qos.logback.classic.util.ContextInitializer.invokeConfigure(ContextInitializer.java:142)
	at ch.qos.logback.classic.util.ContextInitializer.autoConfig(ContextInitializer.java:101)
	at ch.qos.logback.classic.util.ContextInitializer.autoConfig(ContextInitializer.java:67)
	at ch.qos.logback.classic.spi.LogbackServiceProvider.initializeLoggerContext(LogbackServiceProvider.java:51)
	at ch.qos.logback.classic.spi.LogbackServiceProvider.initialize(LogbackServiceProvider.java:44)
	at org.slf4j.LoggerFactory.bind(LoggerFactory.java:201)
	at org.slf4j.LoggerFactory.performInitialization(LoggerFactory.java:187)
	at org.slf4j.LoggerFactory.getProvider(LoggerFactory.java:511)
	at org.slf4j.LoggerFactory.getILoggerFactory(LoggerFactory.java:497)
	at org.slf4j.LoggerFactory.getLogger(LoggerFactory.java:446)
	at org.slf4j.LoggerFactory.getLogger(LoggerFactory.java:472)
	at org.testng.log4testng.Logger.lambda$getLogger$0(Logger.java:30)
	at java.base/java.util.concurrent.ConcurrentHashMap.computeIfAbsent(ConcurrentHashMap.java:1724)
	at org.testng.log4testng.Logger.getLogger(Logger.java:30)
	at org.testng.TestNG.<clinit>(TestNG.java:111)
	at org.apache.maven.surefire.testng.TestNGExecutor.run(TestNGExecutor.java:297)
	at org.apache.maven.surefire.testng.TestNGXmlTestSuite.execute(TestNGXmlTestSuite.java:71)
	at org.apache.maven.surefire.testng.TestNGProvider.invoke(TestNGProvider.java:113)
	at org.apache.maven.surefire.booter.ForkedBooter.runSuitesInProcess(ForkedBooter.java:385)
	at org.apache.maven.surefire.booter.ForkedBooter.execute(ForkedBooter.java:162)
	at org.apache.maven.surefire.booter.ForkedBooter.run(ForkedBooter.java:507)
	at org.apache.maven.surefire.booter.ForkedBooter.main(ForkedBooter.java:495)
Caused by: org.xml.sax.SAXParseException; systemId: file:/C:/Users/ankit/Documents/JavaProject/javaselenium/target/test-classes/logback.xml; lineNumber: 5; columnNumber: 18; Element type "appender-ref" must be followed by either attribute specifications, ">" or "/>".
	at java.xml/com.sun.org.apache.xerces.internal.parsers.AbstractSAXParser.parse(AbstractSAXParser.java:1252)
	at java.xml/com.sun.org.apache.xerces.internal.jaxp.SAXParserImpl$JAXPSAXParser.parse(SAXParserImpl.java:643)
	at java.xml/com.sun.org.apache.xerces.internal.jaxp.SAXParserImpl.parse(SAXParserImpl.java:326)
	at ch.qos.logback.core.joran.event.SaxEventRecorder.recordEvents(SaxEventRecorder.java:92)
	... 28 more
Jul 26, 2025 3:37:09 PM org.openqa.selenium.remote.tracing.opentelemetry.OpenTelemetryTracer createTracer
INFO: Using OpenTelemetry for tracing
]]></system-err>
  </testcase>
  <testcase name="userRegistrationTest" classname="com.ank.flightreservationtest.ReservationTest" time="0.0">
    <skipped message="Could not start a new session. Possible causes are invalid address of the remote server or browser start-up failure. &#10;Host info: host: &apos;ANKITPC&apos;, ip: &apos;192.168.0.103&apos;"/>
  </testcase>
  <testcase name="ragistrationconfirmationTest" classname="com.ank.flightreservationtest.ReservationTest" time="0.0">
    <skipped message="Method com.ank.flightreservationtest.ReservationTest.ragistrationconfirmationTest() on instance com.ank.flightreservationtest.ReservationTest@3590fc5b depends on not successfully finished methods &#10;[com.ank.flightreservationtest.ReservationTest.userRegistrationTest() on instance com.ank.flightreservationtest.ReservationTest@3590fc5b]"/>
  </testcase>
  <testcase name="flightsearchTest" classname="com.ank.flightreservationtest.ReservationTest" time="0.0">
    <skipped message="Method com.ank.flightreservationtest.ReservationTest.flightsearchTest() on instance com.ank.flightreservationtest.ReservationTest@3590fc5b depends on not successfully finished methods &#10;[com.ank.flightreservationtest.ReservationTest.ragistrationconfirmationTest() on instance com.ank.flightreservationtest.ReservationTest@3590fc5b]"/>
  </testcase>
  <testcase name="quitdriver" classname="com.ank.flightreservationtest.ReservationTest" time="0.0">
    <skipped/>
  </testcase>
</testsuite>