<?xml version="1.0" encoding="UTF-8"?>
<!-- Generated by org.testng.reporters.JUnitXMLReporter -->
<testsuite ignored="1" hostname="AnkitPC" failures="1" tests="3" name="testMode" time="2.991" errors="0" timestamp="2025-09-19T21:45:43 IST">
  <testcase classname="com.ank.flightreservationtest.ReservationTest" name="userRegistrationTest" time="0.027">
    <failure type="java.lang.NullPointerException" message="Cannot invoke &amp;quot;org.openqa.selenium.WebDriver.get(String)&amp;quot; because &amp;quot;this.driver&amp;quot; is null">
      <![CDATA[java.lang.NullPointerException: Cannot invoke "org.openqa.selenium.WebDriver.get(String)" because "this.driver" is null
at com.ank.pages.flightreservation.RegistrationPage.goTo(RegistrationPage.java:47)
at com.ank.flightreservationtest.ReservationTest.userRegistrationTest(ReservationTest.java:42)
at java.base/java.util.ArrayList.forEach(ArrayList.java:1604)
... Removed 29 stack frames]]>
    </failure>
  </testcase> <!-- userRegistrationTest -->
  <testcase classname="com.ank.flightreservationtest.ReservationTest" name="ragistrationconfirmationTest" time="0.0">
    <skipped/>
  </testcase> <!-- ragistrationconfirmationTest -->
  <testcase classname="com.ank.flightreservationtest.ReservationTest" name="flightsearchTest" time="0.0">
    <skipped/>
  </testcase> <!-- flightsearchTest -->
  <testcase classname="com.ank.flightreservationtest.ReservationTest" name="@BeforeTest setDriver" time="0.0">
    <ignored/>
  </testcase> <!-- @BeforeTest setDriver -->
</testsuite> <!-- testMode -->
