<?xml version="1.0" encoding="UTF-8"?>
<!-- Generated by org.testng.reporters.JUnitXMLReporter -->
<testsuite ignored="1" hostname="AnkitPC" failures="0" tests="3" name="testMode" time="180.966" errors="0" timestamp="2025-07-26T15:40:10 IST">
  <testcase classname="com.ank.CommonTest" name="@BeforeTest setDriver" time="180.371">
    <failure type="org.openqa.selenium.SessionNotCreatedException" message="Could not start a new session. Possible causes are invalid address of the remote server or browser start-up failure. 
Host info: host: &amp;apos;ANKITPC&amp;apos;, ip: &amp;apos;192.168.0.103&amp;apos;">
      <![CDATA[org.openqa.selenium.SessionNotCreatedException: Could not start a new session. Possible causes are invalid address of the remote server or browser start-up failure. 
Host info: host: 'ANKITPC', ip: '192.168.0.103'
at org.openqa.selenium.remote.RemoteWebDriver.execute(RemoteWebDriver.java:562)
at org.openqa.selenium.remote.RemoteWebDriver.startSession(RemoteWebDriver.java:244)
at org.openqa.selenium.remote.RemoteWebDriver.<init>(RemoteWebDriver.java:173)
at org.openqa.selenium.remote.RemoteWebDriver.<init>(RemoteWebDriver.java:151)
at com.ank.CommonTest.getDriverfroseleniumgrid(CommonTest.java:48)
at com.ank.CommonTest.setDriver(CommonTest.java:28)
Caused by: org.openqa.selenium.TimeoutException: java.util.concurrent.TimeoutException
Build info: version: '4.33.0', revision: '2c6aaad03a'
System info: os.name: 'Windows 11', os.arch: 'amd64', os.version: '10.0', java.version: '24.0.1'
Driver info: driver.version: RemoteWebDriver
at org.openqa.selenium.remote.http.jdk.JdkHttpClient.execute(JdkHttpClient.java:427)
at org.openqa.selenium.remote.tracing.TracedHttpClient.execute(TracedHttpClient.java:54)
at org.openqa.selenium.remote.ProtocolHandshake.createSession(ProtocolHandshake.java:89)
at org.openqa.selenium.remote.ProtocolHandshake.createSession(ProtocolHandshake.java:75)
at org.openqa.selenium.remote.ProtocolHandshake.createSession(ProtocolHandshake.java:61)
at org.openqa.selenium.remote.HttpCommandExecutor.execute(HttpCommandExecutor.java:187)
at org.openqa.selenium.remote.TracedCommandExecutor.execute(TracedCommandExecutor.java:53)
at org.openqa.selenium.remote.RemoteWebDriver.execute(RemoteWebDriver.java:544)
... 31 more
Caused by: java.util.concurrent.TimeoutException
at java.base/java.util.concurrent.CompletableFuture$Timeout.run(CompletableFuture.java:2990)
at java.base/java.util.concurrent.Executors$RunnableAdapter.call(Executors.java:545)
at java.base/java.util.concurrent.FutureTask.run(FutureTask.java:328)
at java.base/java.util.concurrent.ScheduledThreadPoolExecutor$ScheduledFutureTask.run(ScheduledThreadPoolExecutor.java:309)
at java.base/java.util.concurrent.ThreadPoolExecutor.runWorker(ThreadPoolExecutor.java:1095)
at java.base/java.util.concurrent.ThreadPoolExecutor$Worker.run(ThreadPoolExecutor.java:619)
at java.base/java.lang.Thread.run(Thread.java:1447)
... Removed 26 stack frames]]>
    </failure>
  </testcase> <!-- @BeforeTest setDriver -->
  <testcase classname="com.ank.CommonTest" name="@AfterTest quitdriver" time="0.0">
    <skipped/>
  </testcase> <!-- @AfterTest quitdriver -->
  <testcase classname="com.ank.flightreservationtest.ReservationTest" name="userRegistrationTest" time="0.014">
    <skipped/>
  </testcase> <!-- userRegistrationTest -->
  <testcase classname="com.ank.flightreservationtest.ReservationTest" name="ragistrationconfirmationTest" time="0.0">
    <skipped/>
  </testcase> <!-- ragistrationconfirmationTest -->
  <testcase classname="com.ank.flightreservationtest.ReservationTest" name="flightsearchTest" time="0.001">
    <skipped/>
  </testcase> <!-- flightsearchTest -->
  <testcase classname="com.ank.flightreservationtest.ReservationTest" name="@BeforeTest setDriver" time="0.0">
    <ignored/>
  </testcase> <!-- @BeforeTest setDriver -->
</testsuite> <!-- testMode -->
