<?xml version="1.0" encoding="UTF-8"?>
<!-- Generated by org.testng.reporters.JUnitReportReporter -->
<testsuite hostname="AnkitPC" failures="0" tests="3" name="com.ank.flightreservationtest.ReservationTest" time="5.715" errors="0" timestamp="2025-07-24T09:28:37 IST" skipped="0">
  <testcase classname="com.ank.flightreservationtest.ReservationTest" name="ragistrationconfirmationTest" time="1.698"/>
  <testcase classname="com.ank.flightreservationtest.ReservationTest" name="userRegistrationTest" time="2.843"/>
  <testcase classname="com.ank.flightreservationtest.ReservationTest" name="flightsearchTest" time="1.174"/>
</testsuite> <!-- com.ank.flightreservationtest.ReservationTest -->
